TN:
SF:script/AsyncSwap.s.sol
DA:11,0
FN:11,CounterScript.setUp
FNDA:0,CounterScript.setUp
DA:13,0
FN:13,CounterScript.run
FNDA:0,CounterScript.run
DA:14,0
DA:16,0
DA:17,0
DA:19,0
FNF:2
FNH:0
LF:6
LH:0
BRF:0
BRH:0
end_of_record
TN:
SF:src/AsyncSwap.sol
DA:67,24
FN:67,AsyncSwap.constructor
FNDA:24,AsyncSwap.constructor
DA:68,24
DA:69,24
DA:74,26
FN:74,AsyncSwap.setRouter
FNDA:26,AsyncSwap.setRouter
DA:75,26
BRDA:75,0,0,1
BRDA:75,0,1,25
DA:76,25
DA:80,0
FN:80,AsyncSwap.onlyPoolManager
FNDA:0,AsyncSwap.onlyPoolManager
DA:81,0
DA:86,69
FN:86,AsyncSwap._onlyPoolManager
FNDA:69,AsyncSwap._onlyPoolManager
DA:87,69
BRDA:87,1,0,-
BRDA:87,1,1,69
DA:92,0
FN:92,AsyncSwap.validateHookAddress
FNDA:0,AsyncSwap.validateHookAddress
DA:93,0
DA:98,0
FN:98,AsyncSwap.getHookPermissions
FNDA:0,AsyncSwap.getHookPermissions
DA:99,0
DA:124,9
FN:124,AsyncSwap.getBalanceIn
FNDA:9,AsyncSwap.getBalanceIn
DA:125,9
DA:126,9
DA:132,9
FN:132,AsyncSwap.getBalanceOut
FNDA:9,AsyncSwap.getBalanceOut
DA:133,9
DA:134,9
DA:142,24
FN:142,AsyncSwap.beforeInitialize
FNDA:24,AsyncSwap.beforeInitialize
DA:152,24
BRDA:152,2,0,-
BRDA:152,2,1,24
DA:153,24
BRDA:153,3,0,-
BRDA:153,3,1,24
DA:155,24
BRDA:155,4,0,-
BRDA:155,4,1,24
DA:157,24
DA:161,24
FN:161,AsyncSwap.afterInitialize
FNDA:24,AsyncSwap.afterInitialize
DA:170,24
BRDA:170,5,0,-
BRDA:170,5,1,24
DA:172,24
DA:174,24
DA:183,19
FN:183,AsyncSwap._computeAmountOut
FNDA:19,AsyncSwap._computeAmountOut
DA:188,19
DA:189,15
BRDA:189,6,0,15
BRDA:189,6,1,4
DA:191,15
DA:196,4
DA:207,21
FN:207,AsyncSwap.beforeSwap
FNDA:21,AsyncSwap.beforeSwap
DA:212,21
DA:213,21
BRDA:213,7,0,1
DA:217,20
BRDA:217,8,0,1
BRDA:217,8,1,19
DA:219,19
DA:222,19
DA:225,19
DA:228,19
BRDA:228,9,0,1
BRDA:228,9,1,18
DA:231,18
DA:234,18
DA:235,18
DA:236,18
DA:238,18
DA:244,18
DA:252,0
FN:252,AsyncSwap.beforeAddLiquidity
FNDA:0,AsyncSwap.beforeAddLiquidity
DA:258,0
DA:262,0
FN:262,AsyncSwap.afterAddLiquidity
FNDA:0,AsyncSwap.afterAddLiquidity
DA:270,0
DA:274,0
FN:274,AsyncSwap.beforeRemoveLiquidity
FNDA:0,AsyncSwap.beforeRemoveLiquidity
DA:280,0
DA:284,0
FN:284,AsyncSwap.afterRemoveLiquidity
FNDA:0,AsyncSwap.afterRemoveLiquidity
DA:292,0
DA:296,0
FN:296,AsyncSwap.afterSwap
FNDA:0,AsyncSwap.afterSwap
DA:302,0
DA:306,0
FN:306,AsyncSwap.beforeDonate
FNDA:0,AsyncSwap.beforeDonate
DA:312,0
DA:316,0
FN:316,AsyncSwap.afterDonate
FNDA:0,AsyncSwap.afterDonate
DA:322,0
FNF:19
FNH:9
LF:62
LH:42
BRF:19
BRH:14
end_of_record
