TN:
SF:script/AsyncSwap.s.sol
DA:11,0
FN:11,CounterScript.setUp
FNDA:0,CounterScript.setUp
DA:13,0
FN:13,CounterScript.run
FNDA:0,CounterScript.run
DA:14,0
DA:16,0
DA:17,0
DA:19,0
FNF:2
FNH:0
LF:6
LH:0
BRF:0
BRH:0
end_of_record
TN:
SF:src/AsyncRouter.sol
DA:38,91
FN:38,AsyncRouter.constructor
FNDA:91,AsyncRouter.constructor
DA:39,91
DA:40,91
DA:44,2913
FN:44,AsyncRouter.executeSwap
FNDA:2913,AsyncRouter.executeSwap
DA:45,2913
BRDA:45,0,0,257
DA:46,2656
DA:49,2409
FN:49,AsyncRouter._settleExactInput
FNDA:2409,AsyncRouter._settleExactInput
DA:50,2409
BRDA:50,1,0,-
DA:52,2409
DA:53,2409
DA:54,2409
DA:55,2409
BRDA:55,2,0,1
DA:59,2913
FN:59,AsyncRouter.unlockCallback
FNDA:2913,AsyncRouter.unlockCallback
DA:60,2913
BRDA:60,3,0,257
DA:62,2656
DA:65,2656
DA:72,2656
DA:86,2409
DA:87,2409
DA:88,2409
BRDA:88,4,0,-
DA:91,2409
DA:92,2409
DA:94,2408
FNF:4
FNH:4
LF:23
LH:23
BRF:5
BRH:3
end_of_record
TN:
SF:src/AsyncSwap.sol
DA:114,91
FN:114,AsyncSwap.constructor
FNDA:91,AsyncSwap.constructor
DA:115,91
DA:116,91
DA:117,91
DA:121,1
FN:121,AsyncSwap.onlyPoolManager
FNDA:1,AsyncSwap.onlyPoolManager
DA:122,1
DA:127,3889
FN:127,AsyncSwap._onlyPoolManager
FNDA:3889,AsyncSwap._onlyPoolManager
DA:128,3889
BRDA:128,0,0,-
BRDA:128,0,1,3889
DA:133,0
FN:133,AsyncSwap.validateHookAddress
FNDA:0,AsyncSwap.validateHookAddress
DA:134,0
DA:139,1
FN:139,AsyncSwap.getHookPermissions
FNDA:1,AsyncSwap.getHookPermissions
DA:140,1
DA:165,2834
FN:165,AsyncSwap.getBalanceIn
FNDA:2834,AsyncSwap.getBalanceIn
DA:166,2834
DA:167,2834
DA:173,23023
FN:173,AsyncSwap.getBalanceOut
FNDA:23023,AsyncSwap.getBalanceOut
DA:174,23023
DA:175,23023
DA:185,2657
FN:185,AsyncSwap.swap
FNDA:2657,AsyncSwap.swap
DA:186,2657
BRDA:186,1,0,1
BRDA:186,1,1,2656
DA:188,2656
DA:205,867
FN:205,AsyncSwap.beforeInitialize
FNDA:867,AsyncSwap.beforeInitialize
DA:215,867
BRDA:215,2,0,256
BRDA:215,2,1,611
DA:216,611
BRDA:216,3,0,-
BRDA:216,3,1,611
DA:218,611
BRDA:218,4,0,256
BRDA:218,4,1,355
DA:220,355
DA:224,355
FN:224,AsyncSwap.afterInitialize
FNDA:355,AsyncSwap.afterInitialize
DA:233,355
BRDA:233,5,0,-
BRDA:233,5,1,355
DA:235,355
DA:237,355
DA:246,2656
FN:246,AsyncSwap._computeAmountOut
FNDA:2656,AsyncSwap._computeAmountOut
DA:251,2656
DA:252,1748
BRDA:252,6,0,1748
BRDA:252,6,1,908
DA:254,1748
DA:259,908
DA:269,2657
FN:269,AsyncSwap.beforeSwap
FNDA:2657,AsyncSwap.beforeSwap
DA:274,2657
BRDA:274,7,0,1
DA:278,2656
BRDA:278,8,0,-
BRDA:278,8,1,2656
DA:280,2656
DA:282,2656
DA:288,2409
DA:292,2656
FN:292,AsyncSwap._processOrder
FNDA:2656,AsyncSwap._processOrder
DA:293,2656
DA:295,2656
BRDA:295,9,0,-
DA:298,2656
DA:301,2656
DA:304,2656
BRDA:304,10,0,247
BRDA:304,10,1,2409
DA:307,2409
DA:310,2409
DA:311,2409
DA:312,2409
DA:314,2409
DA:318,20043
FN:318,AsyncSwap._deliverOutput
FNDA:20043,AsyncSwap._deliverOutput
DA:319,20043
DA:320,20043
DA:321,20043
DA:322,20041
BRDA:322,11,0,-
DA:323,20041
DA:324,20041
BRDA:324,12,0,2
DA:337,20049
FN:337,AsyncSwap.fill
FNDA:20049,AsyncSwap.fill
DA:338,20049
DA:340,20049
DA:341,20049
BRDA:341,13,0,1
DA:343,20048
DA:344,20048
BRDA:344,14,0,3
DA:345,20045
BRDA:345,15,0,1
DA:348,20044
DA:349,20044
BRDA:349,16,0,1
DA:352,20043
DA:353,20043
DA:356,20043
DA:357,20043
DA:360,20043
DA:361,20043
DA:364,20043
DA:367,20039
DA:369,20039
DA:381,528
FN:381,AsyncSwap.cancelOrder
FNDA:528,AsyncSwap.cancelOrder
DA:382,528
BRDA:382,17,0,1
DA:384,527
DA:385,527
BRDA:385,18,0,1
DA:387,526
DA:389,526
DA:390,526
BRDA:390,19,0,4
DA:397,522
DA:399,522
DA:403,522
DA:407,779
FN:407,AsyncSwap.unlockCallback
FNDA:779,AsyncSwap.unlockCallback
DA:408,779
BRDA:408,20,0,257
BRDA:408,20,1,522
DA:410,522
DA:413,522
DA:415,522
DA:417,522
DA:425,1
FN:425,AsyncSwap.beforeAddLiquidity
FNDA:1,AsyncSwap.beforeAddLiquidity
DA:431,1
DA:435,4
FN:435,AsyncSwap.afterAddLiquidity
FNDA:4,AsyncSwap.afterAddLiquidity
DA:443,4
DA:447,1
FN:447,AsyncSwap.beforeRemoveLiquidity
FNDA:1,AsyncSwap.beforeRemoveLiquidity
DA:453,1
DA:457,1
FN:457,AsyncSwap.afterRemoveLiquidity
FNDA:1,AsyncSwap.afterRemoveLiquidity
DA:465,1
DA:469,1
FN:469,AsyncSwap.afterSwap
FNDA:1,AsyncSwap.afterSwap
DA:475,1
DA:479,1
FN:479,AsyncSwap.beforeDonate
FNDA:1,AsyncSwap.beforeDonate
DA:485,1
DA:489,1
FN:489,AsyncSwap.afterDonate
FNDA:1,AsyncSwap.afterDonate
DA:495,1
FNF:24
FNH:23
LF:107
LH:105
BRF:31
BRH:25
end_of_record
TN:
SF:test/AsyncSwapFill.t.sol
DA:797,1
FN:797,LyingTransferFromToken.transferFrom.0
FNDA:1,LyingTransferFromToken.transferFrom.0
DA:798,1
DA:799,1
BRDA:799,9,0,-
DA:800,1
DA:801,1
DA:808,1
FN:808,FeeOnTransferToken.constructor
FNDA:1,FeeOnTransferToken.constructor
DA:811,1
DA:814,1
FN:814,FeeOnTransferToken.transferFrom.1
FNDA:1,FeeOnTransferToken.transferFrom.1
DA:815,1
DA:816,1
BRDA:816,10,0,-
DA:818,1
DA:819,1
DA:821,1
DA:823,1
DA:824,1
DA:827,1
DA:828,1
BRDA:828,11,0,1
DA:829,1
FNF:3
FNH:3
LF:18
LH:18
BRF:3
BRH:1
end_of_record
TN:
SF:test/AsyncSwapUnsupported.t.sol
DA:209,1
FN:209,FeeOnTransferInputToken.constructor
FNDA:1,FeeOnTransferInputToken.constructor
DA:212,1
DA:215,1
FN:215,FeeOnTransferInputToken.transferFrom
FNDA:1,FeeOnTransferInputToken.transferFrom
DA:216,1
DA:217,1
BRDA:217,0,0,-
DA:219,1
DA:220,1
DA:222,1
DA:224,1
DA:225,1
DA:228,1
DA:229,1
BRDA:229,1,0,1
DA:230,1
FNF:2
FNH:2
LF:13
LH:13
BRF:2
BRH:1
end_of_record
